<?xml version="1.0" encoding="UTF-8"?>
<robot generator="Robot 7.4.1 (Python 3.13.0 on win32)" generated="2026-01-15T20:02:37.665042" rpa="false" schemaversion="5">
<suite id="s1" name="Admin Test" source="C:\Users\Hp\PycharmProjects\OrangeHrm\Tests\admin_test.robot">
<test id="s1-t1" name="Add Employees" line="8">
<kw name="Open website" owner="login_pages">
<kw name="Open Browser" owner="SeleniumLibrary">
<msg time="2026-01-15T20:02:38.022183" level="INFO">Opening browser 'chrome' to base url 'https://opensource-demo.orangehrmlive.com/web/index.php/auth/login'.</msg>
<arg>${URL}</arg>
<arg>chrome</arg>
<doc>Opens a new browser instance to the optional ``url``.</doc>
<status status="PASS" start="2026-01-15T20:02:38.021834" elapsed="5.933980"/>
</kw>
<kw name="Wait Until Page Contains Element" owner="SeleniumLibrary">
<arg>${USER_NAME}</arg>
<arg>20s</arg>
<doc>Waits until the element ``locator`` appears on the current page.</doc>
<status status="PASS" start="2026-01-15T20:02:43.956436" elapsed="3.656404"/>
</kw>
<status status="PASS" start="2026-01-15T20:02:38.020747" elapsed="9.592285"/>
</kw>
<kw name="Maximize Browser Window" owner="SeleniumLibrary">
<doc>Maximizes current browser window.</doc>
<status status="PASS" start="2026-01-15T20:02:47.613396" elapsed="0.043563"/>
</kw>
<kw name="Input Username" owner="login_pages">
<kw name="Wait Until Element Is Visible" owner="SeleniumLibrary">
<arg>${USER_NAME}</arg>
<arg>20s</arg>
<doc>Waits until the element ``locator`` is visible.</doc>
<status status="PASS" start="2026-01-15T20:02:47.659472" elapsed="0.035295"/>
</kw>
<kw name="Input Text" owner="SeleniumLibrary">
<msg time="2026-01-15T20:02:47.695841" level="INFO">Typing text 'Admin' into text field '//input[@name="username"]'.</msg>
<arg>${USER_NAME}</arg>
<arg>${user}</arg>
<doc>Types the given ``text`` into the text field identified by ``locator``.</doc>
<status status="PASS" start="2026-01-15T20:02:47.695248" elapsed="0.110027"/>
</kw>
<arg>Admin</arg>
<status status="PASS" start="2026-01-15T20:02:47.658679" elapsed="0.146826"/>
</kw>
<kw name="Input password" owner="login_pages">
<kw name="Wait Until Element Is Visible" owner="SeleniumLibrary">
<arg>${PASSWORD}</arg>
<arg>20s</arg>
<doc>Waits until the element ``locator`` is visible.</doc>
<status status="PASS" start="2026-01-15T20:02:47.806686" elapsed="0.030159"/>
</kw>
<kw name="Input Text" owner="SeleniumLibrary">
<msg time="2026-01-15T20:02:47.837788" level="INFO">Typing text 'admin123' into text field '//input[@name="password"]'.</msg>
<arg>${PASSWORD}</arg>
<arg>${pass}</arg>
<doc>Types the given ``text`` into the text field identified by ``locator``.</doc>
<status status="PASS" start="2026-01-15T20:02:47.837183" elapsed="0.095696"/>
</kw>
<arg>admin123</arg>
<status status="PASS" start="2026-01-15T20:02:47.806171" elapsed="0.126933"/>
</kw>
<kw name="Click login Button" owner="login_pages">
<kw name="Wait Until Element Is Enabled" owner="SeleniumLibrary">
<arg>${BUTTON}</arg>
<arg>20s</arg>
<doc>Waits until the element ``locator`` is enabled.</doc>
<status status="PASS" start="2026-01-15T20:02:47.933898" elapsed="0.050416"/>
</kw>
<kw name="Click Button" owner="SeleniumLibrary">
<msg time="2026-01-15T20:02:47.985088" level="INFO">Clicking button '//button[@class="oxd-button oxd-button--medium oxd-button--main orangehrm-login-button"]'.</msg>
<arg>${BUTTON}</arg>
<doc>Clicks the button identified by ``locator``.</doc>
<status status="PASS" start="2026-01-15T20:02:47.984646" elapsed="0.109907"/>
</kw>
<status status="PASS" start="2026-01-15T20:02:47.933602" elapsed="0.161120"/>
</kw>
<kw name="Click PIM" owner="admin">
<kw name="Wait Until Element Is Visible" owner="SeleniumLibrary">
<arg>${PIM}</arg>
<arg>20s</arg>
<doc>Waits until the element ``locator`` is visible.</doc>
<status status="PASS" start="2026-01-15T20:02:48.095709" elapsed="3.767140"/>
</kw>
<kw name="Click Element" owner="SeleniumLibrary">
<msg time="2026-01-15T20:02:51.863809" level="INFO">Clicking element '//span[normalize-space()='PIM']/ancestor::a'.</msg>
<arg>${PIM}</arg>
<doc>Click the element identified by ``locator``.</doc>
<status status="PASS" start="2026-01-15T20:02:51.863252" elapsed="4.177630"/>
</kw>
<status status="PASS" start="2026-01-15T20:02:48.095268" elapsed="7.945870"/>
</kw>
<kw name="Add Employee" owner="admin">
<kw name="Wait Until Element Is Visible" owner="SeleniumLibrary">
<arg>${ADD_EMPLOYEE}</arg>
<arg>15s</arg>
<doc>Waits until the element ``locator`` is visible.</doc>
<status status="PASS" start="2026-01-15T20:02:56.042109" elapsed="1.144376"/>
</kw>
<kw name="Click Element" owner="SeleniumLibrary">
<msg time="2026-01-15T20:02:57.187401" level="INFO">Clicking element 'xpath=//a[normalize-space()='Add Employee']'.</msg>
<arg>${ADD_EMPLOYEE}</arg>
<doc>Click the element identified by ``locator``.</doc>
<status status="PASS" start="2026-01-15T20:02:57.187015" elapsed="1.890234"/>
</kw>
<status status="PASS" start="2026-01-15T20:02:56.041720" elapsed="3.035792"/>
</kw>
<kw name="Add firstname" owner="admin">
<kw name="Wait Until Element Is Visible" owner="SeleniumLibrary">
<arg>${FIRST_NAME}</arg>
<arg>20s</arg>
<doc>Waits until the element ``locator`` is visible.</doc>
<status status="PASS" start="2026-01-15T20:02:59.078658" elapsed="0.869761"/>
</kw>
<kw name="Input Text" owner="SeleniumLibrary">
<msg time="2026-01-15T20:02:59.949377" level="INFO">Typing text 'Ram' into text field '//input[contains(@class,'orangehrm-firstname')]'.</msg>
<arg>${FIRST_NAME}</arg>
<arg>${firstname1}</arg>
<doc>Types the given ``text`` into the text field identified by ``locator``.</doc>
<status status="PASS" start="2026-01-15T20:02:59.948836" elapsed="0.145332"/>
</kw>
<arg>Ram</arg>
<status status="PASS" start="2026-01-15T20:02:59.078156" elapsed="1.016337"/>
</kw>
<kw name="Add lastname" owner="admin">
<kw name="Wait Until Element Is Visible" owner="SeleniumLibrary">
<arg>${LAST_NAME}</arg>
<doc>Waits until the element ``locator`` is visible.</doc>
<status status="PASS" start="2026-01-15T20:03:00.096172" elapsed="0.027986"/>
</kw>
<kw name="Input Text" owner="SeleniumLibrary">
<msg time="2026-01-15T20:03:00.125049" level="INFO">Typing text 'Thapa' into text field '//input[contains(@class,'orangehrm-lastname')]'.</msg>
<arg>${LAST_NAME}</arg>
<arg>${lastname1}</arg>
<doc>Types the given ``text`` into the text field identified by ``locator``.</doc>
<status status="PASS" start="2026-01-15T20:03:00.124548" elapsed="0.129215"/>
</kw>
<arg>Thapa</arg>
<status status="PASS" start="2026-01-15T20:03:00.095471" elapsed="0.158632"/>
</kw>
<kw name="Employee_ID" owner="admin">
<kw name="Wait Until Element Is Visible" owner="SeleniumLibrary">
<arg>${EMPLOYEE_ID}</arg>
<doc>Waits until the element ``locator`` is visible.</doc>
<status status="PASS" start="2026-01-15T20:03:00.255790" elapsed="0.029475"/>
</kw>
<kw name="Input Text" owner="SeleniumLibrary">
<msg time="2026-01-15T20:03:00.285988" level="INFO">Typing text '1212' into text field '//label[normalize-space()='Employee Id']/ancestor::div[contains(@class,'oxd-input-group')]//input'.</msg>
<arg>${EMPLOYEE_ID}</arg>
<arg>${emp_id}</arg>
<doc>Types the given ``text`` into the text field identified by ``locator``.</doc>
<status status="PASS" start="2026-01-15T20:03:00.285563" elapsed="0.123183"/>
</kw>
<arg>1212</arg>
<status status="PASS" start="2026-01-15T20:03:00.255120" elapsed="0.153863"/>
</kw>
<kw name="Click Save Button" owner="admin">
<kw name="Click Button" owner="SeleniumLibrary">
<msg time="2026-01-15T20:03:00.410388" level="INFO">Clicking button '//button[@class="oxd-button oxd-button--medium oxd-button--secondary orangehrm-left-space"]'.</msg>
<arg>${SAVE}</arg>
<doc>Clicks the button identified by ``locator``.</doc>
<status status="PASS" start="2026-01-15T20:03:00.410034" elapsed="0.825978"/>
</kw>
<status status="PASS" start="2026-01-15T20:03:00.409563" elapsed="0.826733"/>
</kw>
<status status="PASS" start="2026-01-15T20:02:38.019670" elapsed="23.217497"/>
</test>
<status status="PASS" start="2026-01-15T20:02:37.669900" elapsed="23.568900"/>
</suite>
<statistics>
<total>
<stat pass="1" fail="0" skip="0">All Tests</stat>
</total>
<tag>
</tag>
<suite>
<stat name="Admin Test" id="s1" pass="1" fail="0" skip="0">Admin Test</stat>
</suite>
</statistics>
<errors>
</errors>
</robot>
